<?xml version="1.0" encoding="UTF-8"?>
<!-- Generated by org.testng.reporters.JUnitReportReporter -->
<testsuite hostname="DESKTOP-9H86UB9" failures="0" tests="5" name="com.POS.Testcases.VerifyCustomerTest" time="0.000" errors="0" timestamp="2023-03-09T17:07:39 GST" skipped="5">
  <testcase classname="com.POS.Testcases.VerifyCustomerTest" name="showWaiter" time="0.000">
    <skipped/>
  </testcase> <!-- showWaiter -->
  <system-out/>
  <testcase classname="com.POS.Testcases.VerifyCustomerTest" name="addCustomer" time="0.000">
    <skipped/>
  </testcase> <!-- addCustomer -->
  <system-out/>
  <testcase classname="com.POS.Testcases.VerifyCustomerTest" name="searchStore" time="0.000">
    <skipped/>
  </testcase> <!-- searchStore -->
  <system-out/>
  <testcase classname="com.POS.Testcases.VerifyCustomerTest" name="deleteCustomer" time="0.000">
    <skipped/>
  </testcase> <!-- deleteCustomer -->
  <system-out/>
  <testcase classname="com.POS.Testcases.VerifyCustomerTest" name="editCustomer" time="0.000">
    <skipped/>
  </testcase> <!-- editCustomer -->
  <system-out/>
</testsuite> <!-- com.POS.Testcases.VerifyCustomerTest -->
