<?xml version="1.0" encoding="UTF-8"?>
<!-- Generated by org.testng.reporters.JUnitReportReporter -->
<testsuite hostname="DESKTOP-9H86UB9" failures="0" tests="9" name="com.POS.Testcases.VerifyProductPageTest" time="84.564" errors="0" timestamp="2023-03-17T08:32:27 GST" skipped="7">
  <testcase classname="com.POS.Testcases.VerifyProductPageTest" name="validateDownloadCSV" time="24.973"/>
  <system-out/>
  <testcase classname="com.POS.Testcases.VerifyProductPageTest" name="validateAddProduct" time="59.591"/>
  <system-out/>
  <testcase classname="com.POS.Testcases.VerifyProductPageTest" name="validateFilterBySupPdtType">
    <skipped/>
  </testcase> <!-- validateFilterBySupPdtType -->
  <system-out/>
  <testcase classname="com.POS.Testcases.VerifyProductPageTest" name="validateFilterByPdtType">
    <skipped/>
  </testcase> <!-- validateFilterByPdtType -->
  <system-out/>
  <testcase classname="com.POS.Testcases.VerifyProductPageTest" name="validateFilterBySupplier">
    <skipped/>
  </testcase> <!-- validateFilterBySupplier -->
  <system-out/>
  <testcase classname="com.POS.Testcases.VerifyProductPageTest" name="validateShowPdtTblCount">
    <skipped/>
  </testcase> <!-- validateShowPdtTblCount -->
  <system-out/>
  <testcase classname="com.POS.Testcases.VerifyProductPageTest" name="validateUploadCSV">
    <skipped/>
  </testcase> <!-- validateUploadCSV -->
  <system-out/>
  <testcase classname="com.POS.Testcases.VerifyProductPageTest" name="validatePrintMenu">
    <skipped/>
  </testcase> <!-- validatePrintMenu -->
  <system-out/>
  <testcase classname="com.POS.Testcases.VerifyProductPageTest" name="validateSearchPdt">
    <skipped/>
  </testcase> <!-- validateSearchPdt -->
  <system-out/>
</testsuite> <!-- com.POS.Testcases.VerifyProductPageTest -->
