<?xml version="1.0" encoding="UTF-8"?>
<!-- Generated by org.testng.reporters.JUnitReportReporter -->
<testsuite hostname="DESKTOP-9H86UB9" failures="0" tests="2" name="com.POS.Testcases.VerifyCategoryTest" time="71.587" errors="0" timestamp="2023-03-16T14:47:05 GST" skipped="0">
  <testcase classname="com.POS.Testcases.VerifyCategoryTest" name="validateCatTblHeaders" time="34.379"/>
  <system-out/>
  <testcase classname="com.POS.Testcases.VerifyCategoryTest" name="validateAddCategory" time="37.208"/>
  <system-out/>
</testsuite> <!-- com.POS.Testcases.VerifyCategoryTest -->
