<?xml version="1.0" encoding="UTF-8"?>
<!-- Generated by org.testng.reporters.JUnitReportReporter -->
<testsuite hostname="DESKTOP-9H86UB9" failures="0" tests="1" name="com.POS.Testcases.VerifyUserLogin" time="33.189" errors="0" timestamp="2023-03-06T09:01:12 GST" skipped="0">
  <testcase classname="com.POS.Testcases.VerifyUserLogin" name="validateLogin" time="33.189"/>
  <system-out/>
</testsuite> <!-- com.POS.Testcases.VerifyUserLogin -->
