<?xml version="1.0" encoding="UTF-8"?>
<!-- Generated by org.testng.reporters.JUnitReportReporter -->
<testsuite hostname="DESKTOP-9H86UB9" failures="0" tests="7" name="com.POS.Testcases.VerifyStoreManageTest" time="77.483" errors="0" timestamp="2023-03-17T08:12:26 GST" skipped="5">
  <testcase classname="com.POS.Testcases.VerifyStoreManageTest" name="validateDeleteStoreTbl" time="38.685"/>
  <system-out/>
  <testcase classname="com.POS.Testcases.VerifyStoreManageTest" name="validateDeleteZone" time="38.798"/>
  <system-out/>
  <testcase classname="com.POS.Testcases.VerifyStoreManageTest" name="validateAddStoreTable">
    <skipped/>
  </testcase> <!-- validateAddStoreTable -->
  <system-out/>
  <testcase classname="com.POS.Testcases.VerifyStoreManageTest" name="validateEditZone">
    <skipped/>
  </testcase> <!-- validateEditZone -->
  <system-out/>
  <testcase classname="com.POS.Testcases.VerifyStoreManageTest" name="validateAddZone">
    <skipped/>
  </testcase> <!-- validateAddZone -->
  <system-out/>
  <testcase classname="com.POS.Testcases.VerifyStoreManageTest" name="validateDeleteStore">
    <skipped/>
  </testcase> <!-- validateDeleteStore -->
  <system-out/>
  <testcase classname="com.POS.Testcases.VerifyStoreManageTest" name="validateEditStoreTable">
    <skipped/>
  </testcase> <!-- validateEditStoreTable -->
  <system-out/>
</testsuite> <!-- com.POS.Testcases.VerifyStoreManageTest -->
