<?xml version="1.0" encoding="UTF-8"?>
<!-- Generated by org.testng.reporters.JUnitReportReporter -->
<testsuite hostname="DESKTOP-9H86UB9" failures="0" tests="4" name="com.POS.Testcases.VerifyUserLoginTest" time="126.716" errors="0" timestamp="2023-03-16T22:26:19 GST" skipped="0">
  <testcase classname="com.POS.Testcases.VerifyUserLoginTest" name="validateLogin" time="46.876"/>
  <system-out/>
  <testcase classname="com.POS.Testcases.VerifyUserLoginTest" name="validateAllLogin" time="21.789"/>
  <system-out/>
  <testcase classname="com.POS.Testcases.VerifyUserLoginTest" name="validateAllLogin" time="22.466"/>
  <system-out/>
  <testcase classname="com.POS.Testcases.VerifyUserLoginTest" name="validateAllLogin" time="35.585"/>
  <system-out/>
</testsuite> <!-- com.POS.Testcases.VerifyUserLoginTest -->
