<?xml version="1.0" encoding="UTF-8"?>
<!-- Generated by org.testng.reporters.JUnitReportReporter -->
<testsuite hostname="DESKTOP-9H86UB9" failures="0" tests="2" name="com.POS.Testcases.VerifyStoreTest" time="15.109" errors="0" timestamp="2023-03-15T21:34:46 GST" skipped="1">
  <testcase classname="com.POS.Testcases.VerifyStoreTest" name="validateTableHeaders" time="15.109"/>
  <system-out/>
  <testcase classname="com.POS.Testcases.VerifyStoreTest" name="validatePagination">
    <skipped/>
  </testcase> <!-- validatePagination -->
  <system-out/>
</testsuite> <!-- com.POS.Testcases.VerifyStoreTest -->
