<?xml version="1.0" encoding="UTF-8"?>
<!-- Generated by org.testng.reporters.JUnitReportReporter -->
<testsuite hostname="DESKTOP-9H86UB9" failures="0" tests="6" name="com.POS.Testcases.VerifyStoreTest" time="47.575" errors="0" timestamp="2023-03-17T08:26:34 GST" skipped="5">
  <testcase classname="com.POS.Testcases.VerifyStoreTest" name="validateStoreSorting" time="47.575"/>
  <system-out/>
  <testcase classname="com.POS.Testcases.VerifyStoreTest" name="validateSearchStore">
    <skipped/>
  </testcase> <!-- validateSearchStore -->
  <system-out/>
  <testcase classname="com.POS.Testcases.VerifyStoreTest" name="validateEditStore">
    <skipped/>
  </testcase> <!-- validateEditStore -->
  <system-out/>
  <testcase classname="com.POS.Testcases.VerifyStoreTest" name="validateTableHeaders">
    <skipped/>
  </testcase> <!-- validateTableHeaders -->
  <system-out/>
  <testcase classname="com.POS.Testcases.VerifyStoreTest" name="validateAddStore">
    <skipped/>
  </testcase> <!-- validateAddStore -->
  <system-out/>
  <testcase classname="com.POS.Testcases.VerifyStoreTest" name="validateShowCount">
    <skipped/>
  </testcase> <!-- validateShowCount -->
  <system-out/>
</testsuite> <!-- com.POS.Testcases.VerifyStoreTest -->
