<?xml version="1.0" encoding="UTF-8"?>
<!-- Generated by org.testng.reporters.JUnitReportReporter -->
<testsuite hostname="DESKTOP-9H86UB9" failures="0" tests="4" name="com.POS.Testcases.VerifyUserLoginTest" time="208.480" errors="0" timestamp="2023-03-15T23:38:17 GST" skipped="0">
  <testcase classname="com.POS.Testcases.VerifyUserLoginTest" name="validateLogin" time="129.520"/>
  <system-out/>
  <testcase classname="com.POS.Testcases.VerifyUserLoginTest" name="validateAllLogin" time="23.790"/>
  <system-out/>
  <testcase classname="com.POS.Testcases.VerifyUserLoginTest" name="validateAllLogin" time="34.435"/>
  <system-out/>
  <testcase classname="com.POS.Testcases.VerifyUserLoginTest" name="validateAllLogin" time="20.735"/>
  <system-out/>
</testsuite> <!-- com.POS.Testcases.VerifyUserLoginTest -->
