<?xml version="1.0" encoding="UTF-8"?>
<!-- Generated by org.testng.reporters.JUnitReportReporter -->
<testsuite hostname="DESKTOP-9H86UB9" failures="0" tests="2" name="com.POS.Testcases.VerifyHomePageTest" time="161.557" errors="0" timestamp="2023-03-15T23:38:17 GST" skipped="0">
  <testcase classname="com.POS.Testcases.VerifyHomePageTest" name="validateElementsDisplay" time="71.452"/>
  <system-out/>
  <testcase classname="com.POS.Testcases.VerifyHomePageTest" name="validateMenuDisplay" time="90.105"/>
  <system-out/>
</testsuite> <!-- com.POS.Testcases.VerifyHomePageTest -->
