<?xml version="1.0" encoding="UTF-8"?>
<!-- Generated by org.testng.reporters.JUnitReportReporter -->
<testsuite hostname="DESKTOP-9H86UB9" failures="0" tests="1" name="com.POS.Testcases.VerifyProductPageTest" time="28.062" errors="0" timestamp="2023-03-15T21:34:46 GST" skipped="0">
  <testcase classname="com.POS.Testcases.VerifyProductPageTest" name="validateShowPdtTblCount" time="28.062"/>
  <system-out/>
</testsuite> <!-- com.POS.Testcases.VerifyProductPageTest -->
