<?xml version="1.0" encoding="UTF-8"?>
<!-- Generated by org.testng.reporters.JUnitReportReporter -->
<testsuite hostname="DESKTOP-9H86UB9" failures="0" tests="2" name="com.POS.Testcases.VerifyAddSupplierTest" time="0.000" errors="0" timestamp="2023-03-09T17:07:40 GST" skipped="2">
  <testcase classname="com.POS.Testcases.VerifyAddSupplierTest" name="AddSupplier" time="0.000">
    <skipped/>
  </testcase> <!-- AddSupplier -->
  <system-out/>
  <testcase classname="com.POS.Testcases.VerifyAddSupplierTest" name="searchSupplier">
    <skipped/>
  </testcase> <!-- searchSupplier -->
  <system-out/>
</testsuite> <!-- com.POS.Testcases.VerifyAddSupplierTest -->
