<?xml version="1.0" encoding="UTF-8"?>
<!-- Generated by org.testng.reporters.JUnitReportReporter -->
<testsuite hostname="DESKTOP-9H86UB9" failures="0" tests="1" name="com.POS.Testcases.VerifySettingsTest" time="61.298" errors="0" timestamp="2023-03-17T08:03:52 GST" skipped="0">
  <testcase classname="com.POS.Testcases.VerifySettingsTest" name="validateAddUser" time="61.298"/>
  <system-out/>
</testsuite> <!-- com.POS.Testcases.VerifySettingsTest -->
