<?xml version="1.0" encoding="UTF-8"?>
<!-- Generated by org.testng.reporters.JUnitReportReporter -->
<testsuite hostname="DESKTOP-9H86UB9" failures="0" tests="2" name="com.POS.Testcases.VerifyCategoryTest" time="38.355" errors="0" timestamp="2023-03-16T22:26:18 GST" skipped="0">
  <testcase classname="com.POS.Testcases.VerifyCategoryTest" name="validateCatTblHeaders" time="18.742"/>
  <system-out/>
  <testcase classname="com.POS.Testcases.VerifyCategoryTest" name="validateAddCategory" time="19.613"/>
  <system-out/>
</testsuite> <!-- com.POS.Testcases.VerifyCategoryTest -->
