<?xml version="1.0" encoding="UTF-8"?>
<!-- Generated by org.testng.reporters.JUnitReportReporter -->
<testsuite hostname="DESKTOP-9H86UB9" failures="0" tests="4" name="com.POS.Testcases.VerifyWaiterTest" time="74.657" errors="0" timestamp="2023-03-17T07:37:39 GST" skipped="3">
  <testcase classname="com.POS.Testcases.VerifyWaiterTest" name="validateEditWaiter" time="74.657"/>
  <system-out/>
  <testcase classname="com.POS.Testcases.VerifyWaiterTest" name="validateAddWaiter">
    <skipped/>
  </testcase> <!-- validateAddWaiter -->
  <system-out/>
  <testcase classname="com.POS.Testcases.VerifyWaiterTest" name="validateSearchWaiter">
    <skipped/>
  </testcase> <!-- validateSearchWaiter -->
  <system-out/>
  <testcase classname="com.POS.Testcases.VerifyWaiterTest" name="validateShowCount">
    <skipped/>
  </testcase> <!-- validateShowCount -->
  <system-out/>
</testsuite> <!-- com.POS.Testcases.VerifyWaiterTest -->
