<?xml version="1.0" encoding="UTF-8"?>
<!-- Generated by org.testng.reporters.JUnitReportReporter -->
<testsuite hostname="DESKTOP-9H86UB9" failures="0" tests="4" name="com.POS.Testcases.VerifyHomePageTest" time="76.311" errors="0" timestamp="2023-03-16T22:26:19 GST" skipped="0">
  <testcase classname="com.POS.Testcases.VerifyHomePageTest" name="validateElementsDisplay" time="15.539"/>
  <system-out/>
  <testcase classname="com.POS.Testcases.VerifyHomePageTest" name="validateLanguageSelection" time="15.356"/>
  <system-out/>
  <testcase classname="com.POS.Testcases.VerifyHomePageTest" name="validateMenuDisplay" time="16.469"/>
  <system-out/>
  <testcase classname="com.POS.Testcases.VerifyHomePageTest" name="validateMenuClick" time="28.947"/>
  <system-out/>
</testsuite> <!-- com.POS.Testcases.VerifyHomePageTest -->
