<?xml version="1.0" encoding="UTF-8"?>
<!-- Generated by org.testng.reporters.JUnitReportReporter -->
<testsuite skipped="4" hostname="DESKTOP-9H86UB9" name="Insurance.VehicleInsuranceTest" tests="4" failures="0" timestamp="2023-03-06T09:34:51 GST" time="0.000" errors="0">
  <testcase name="vehicleInsuranceWebLogout" time="0.000" classname="Insurance.VehicleInsuranceTest">
    <skipped/>
  </testcase> <!-- vehicleInsuranceWebLogout -->
  <system-out/>
  <testcase name="mobileInsuranceWebLogin" time="0.000" classname="Insurance.VehicleInsuranceTest">
    <skipped/>
  </testcase> <!-- mobileInsuranceWebLogin -->
  <system-out/>
  <testcase name="mobileInsuranceWebLogout" time="0.000" classname="Insurance.VehicleInsuranceTest">
    <skipped/>
  </testcase> <!-- mobileInsuranceWebLogout -->
  <system-out/>
  <testcase name="vehicleInsuranceWebLogin" time="0.000" classname="Insurance.VehicleInsuranceTest">
    <skipped/>
  </testcase> <!-- vehicleInsuranceWebLogin -->
  <system-out/>
</testsuite> <!-- Insurance.VehicleInsuranceTest -->
