<?xml version="1.0" encoding="UTF-8"?>
<!-- Generated by org.testng.reporters.JUnitReportReporter -->
<testsuite skipped="4" hostname="DESKTOP-9H86UB9" name="Insurance.HomeInsuranceTest" tests="4" failures="0" timestamp="2023-03-06T09:34:51 GST" time="0.000" errors="0">
  <testcase name="mobileInsuranceWebLogin" time="0.000" classname="Insurance.HomeInsuranceTest">
    <skipped/>
  </testcase> <!-- mobileInsuranceWebLogin -->
  <system-out/>
  <testcase name="homeInsuranceWebLogout" time="0.000" classname="Insurance.HomeInsuranceTest">
    <skipped/>
  </testcase> <!-- homeInsuranceWebLogout -->
  <system-out/>
  <testcase name="mobileInsuranceWebLogout" time="0.000" classname="Insurance.HomeInsuranceTest">
    <skipped/>
  </testcase> <!-- mobileInsuranceWebLogout -->
  <system-out/>
  <testcase name="homeInsuranceWebLogin" classname="Insurance.HomeInsuranceTest">
    <skipped/>
  </testcase> <!-- homeInsuranceWebLogin -->
  <system-out/>
</testsuite> <!-- Insurance.HomeInsuranceTest -->
