<?xml version="1.0" encoding="UTF-8"?>
<!-- Generated by org.testng.reporters.JUnitReportReporter -->
<testsuite skipped="4" hostname="DESKTOP-9H86UB9" name="Insurance.LifeInsuranceTest" tests="4" failures="0" timestamp="2023-03-06T09:34:50 GST" time="0.001" errors="0">
  <testcase name="mobileInsuranceWebLogout" time="0.000" classname="Insurance.LifeInsuranceTest">
    <skipped/>
  </testcase> <!-- mobileInsuranceWebLogout -->
  <system-out/>
  <testcase name="lifeInsuranceWebLogin" time="0.000" classname="Insurance.LifeInsuranceTest">
    <skipped/>
  </testcase> <!-- lifeInsuranceWebLogin -->
  <system-out/>
  <testcase name="homeInsuranceWebLogout" time="0.001" classname="Insurance.LifeInsuranceTest">
    <skipped/>
  </testcase> <!-- homeInsuranceWebLogout -->
  <system-out/>
  <testcase name="mobileInsuranceWebLogin" time="0.000" classname="Insurance.LifeInsuranceTest">
    <skipped/>
  </testcase> <!-- mobileInsuranceWebLogin -->
  <system-out/>
</testsuite> <!-- Insurance.LifeInsuranceTest -->
