<?xml version="1.0" encoding="UTF-8"?>
<!-- Generated by org.testng.reporters.JUnitReportReporter -->
<testsuite hostname="DESKTOP-9H86UB9" failures="0" tests="3" name="com.obsqura.pomodel.LoginPageTest" time="44.590" errors="0" timestamp="2023-02-22T07:48:57 GST" skipped="0">
  <testcase classname="com.obsqura.pomodel.LoginPageTest" name="loginFunction" time="42.526"/>
  <system-out/>
  <testcase classname="com.obsqura.pomodel.LoginPageTest" name="homePageFunction" time="1.529"/>
  <system-out/>
  <testcase classname="com.obsqura.pomodel.LoginPageTest" name="bikeLtPageFunction" time="0.535"/>
  <system-out/>
</testsuite> <!-- com.obsqura.pomodel.LoginPageTest -->
