<?xml version="1.0" encoding="UTF-8"?>
<!-- Generated by org.testng.reporters.JUnitReportReporter -->
<testsuite hostname="DESKTOP-9H86UB9" failures="0" tests="2" name="com.POS.Testcases.VerifyCategoryTest" time="27.726" errors="0" timestamp="2023-03-16T17:30:19 GST" skipped="0">
  <testcase classname="com.POS.Testcases.VerifyCategoryTest" name="validateCatTblHeaders" time="12.757"/>
  <system-out/>
  <testcase classname="com.POS.Testcases.VerifyCategoryTest" name="validateAddCategory" time="14.969"/>
  <system-out/>
</testsuite> <!-- com.POS.Testcases.VerifyCategoryTest -->
