<?xml version="1.0" encoding="UTF-8"?>
<!-- Generated by org.testng.reporters.JUnitReportReporter -->
<testsuite hostname="DESKTOP-9H86UB9" failures="0" tests="9" name="com.POS.Testcases.VerifyProductPageTest" time="25.014" errors="0" timestamp="2023-03-16T17:30:19 GST" skipped="8">
  <testcase classname="com.POS.Testcases.VerifyProductPageTest" name="validateUploadCSV" time="25.014"/>
  <system-out/>
  <testcase classname="com.POS.Testcases.VerifyProductPageTest" name="validatePrintMenu">
    <skipped/>
  </testcase> <!-- validatePrintMenu -->
  <system-out/>
  <testcase classname="com.POS.Testcases.VerifyProductPageTest" name="validateAddProduct">
    <skipped/>
  </testcase> <!-- validateAddProduct -->
  <system-out/>
  <testcase classname="com.POS.Testcases.VerifyProductPageTest" name="validateFilterBySupPdtType">
    <skipped/>
  </testcase> <!-- validateFilterBySupPdtType -->
  <system-out/>
  <testcase classname="com.POS.Testcases.VerifyProductPageTest" name="validateShowPdtTblCount">
    <skipped/>
  </testcase> <!-- validateShowPdtTblCount -->
  <system-out/>
  <testcase classname="com.POS.Testcases.VerifyProductPageTest" name="validateSearchPdt">
    <skipped/>
  </testcase> <!-- validateSearchPdt -->
  <system-out/>
  <testcase classname="com.POS.Testcases.VerifyProductPageTest" name="validateFilterBySupplier">
    <skipped/>
  </testcase> <!-- validateFilterBySupplier -->
  <system-out/>
  <testcase classname="com.POS.Testcases.VerifyProductPageTest" name="validateDownloadCSV">
    <skipped/>
  </testcase> <!-- validateDownloadCSV -->
  <system-out/>
  <testcase classname="com.POS.Testcases.VerifyProductPageTest" name="validateFilterByPdtType">
    <skipped/>
  </testcase> <!-- validateFilterByPdtType -->
  <system-out/>
</testsuite> <!-- com.POS.Testcases.VerifyProductPageTest -->
