<?xml version="1.0" encoding="UTF-8"?>
<!-- Generated by org.testng.reporters.JUnitReportReporter -->
<testsuite hostname="DESKTOP-9H86UB9" failures="0" tests="4" name="com.POS.Testcases.VerifyWaiterTest" time="60.271" errors="0" timestamp="2023-03-16T17:30:19 GST" skipped="0">
  <testcase classname="com.POS.Testcases.VerifyWaiterTest" name="validateShowCount" time="12.646"/>
  <system-out/>
  <testcase classname="com.POS.Testcases.VerifyWaiterTest" name="validateAddWaiter" time="17.337"/>
  <system-out/>
  <testcase classname="com.POS.Testcases.VerifyWaiterTest" name="validateSearchWaiter" time="13.793"/>
  <system-out/>
  <testcase classname="com.POS.Testcases.VerifyWaiterTest" name="validateEditWaiter" time="16.495"/>
  <system-out/>
</testsuite> <!-- com.POS.Testcases.VerifyWaiterTest -->
