<?xml version="1.0" encoding="UTF-8"?>
<!-- Generated by org.testng.reporters.JUnitReportReporter -->
<testsuite hostname="DESKTOP-9H86UB9" failures="0" tests="6" name="com.POS.Testcases.VerifyStoreTest" time="83.578" errors="0" timestamp="2023-03-16T17:30:19 GST" skipped="1">
  <testcase classname="com.POS.Testcases.VerifyStoreTest" name="validateTableHeaders" time="15.141"/>
  <system-out/>
  <testcase classname="com.POS.Testcases.VerifyStoreTest" name="validateShowCount" time="15.128"/>
  <system-out/>
  <testcase classname="com.POS.Testcases.VerifyStoreTest" name="validateAddStore" time="21.169"/>
  <system-out/>
  <testcase classname="com.POS.Testcases.VerifyStoreTest" name="validateSearchStore" time="13.879"/>
  <system-out/>
  <testcase classname="com.POS.Testcases.VerifyStoreTest" name="validateEditStore" time="18.261"/>
  <system-out/>
  <testcase classname="com.POS.Testcases.VerifyStoreTest" name="validatePagination">
    <skipped/>
  </testcase> <!-- validatePagination -->
  <system-out/>
</testsuite> <!-- com.POS.Testcases.VerifyStoreTest -->
