<?xml version="1.0" encoding="UTF-8"?>
<!-- Generated by org.testng.reporters.JUnitReportReporter -->
<testsuite hostname="DESKTOP-9H86UB9" failures="0" tests="4" name="com.POS.Testcases.VerifyUserLoginTest" time="82.017" errors="0" timestamp="2023-03-16T17:30:19 GST" skipped="0">
  <testcase classname="com.POS.Testcases.VerifyUserLoginTest" name="validateLogin" time="17.436"/>
  <system-out/>
  <testcase classname="com.POS.Testcases.VerifyUserLoginTest" name="validateAllLogin" time="40.716"/>
  <system-out/>
  <testcase classname="com.POS.Testcases.VerifyUserLoginTest" name="validateAllLogin" time="13.869"/>
  <system-out/>
  <testcase classname="com.POS.Testcases.VerifyUserLoginTest" name="validateAllLogin" time="9.996"/>
  <system-out/>
</testsuite> <!-- com.POS.Testcases.VerifyUserLoginTest -->
