<?xml version="1.0" encoding="UTF-8"?>
<!-- Generated by org.testng.reporters.JUnitReportReporter -->
<testsuite hostname="DESKTOP-9H86UB9" failures="0" tests="2" name="Insurance.ParametersInTestNG" time="51.135" errors="0" timestamp="2023-02-18T11:42:00 GST" skipped="0">
  <testcase classname="Insurance.ParametersInTestNG" name="getUrl" time="43.723"/>
  <system-out/>
  <testcase classname="Insurance.ParametersInTestNG" name="getLogin" time="7.412"/>
  <system-out/>
</testsuite> <!-- Insurance.ParametersInTestNG -->
