<?xml version="1.0" encoding="UTF-8"?>
<!-- Generated by org.testng.reporters.JUnitReportReporter -->
<testsuite hostname="DESKTOP-9H86UB9" failures="0" tests="4" name="Insurance.VehicleInsuranceTest" time="0.004" errors="0" timestamp="2023-02-06T09:51:29 GST" skipped="0">
  <testcase classname="Insurance.VehicleInsuranceTest" name="mobileInsuranceWebLogout" time="0.001"/>
  <system-out/>
  <testcase classname="Insurance.VehicleInsuranceTest" name="vehicleInsuranceWebLogout" time="0.001"/>
  <system-out/>
  <testcase classname="Insurance.VehicleInsuranceTest" name="vehicleInsuranceWebLogin" time="0.001"/>
  <system-out/>
  <testcase classname="Insurance.VehicleInsuranceTest" name="mobileInsuranceWebLogin" time="0.001"/>
  <system-out/>
</testsuite> <!-- Insurance.VehicleInsuranceTest -->
