<?xml version="1.0" encoding="UTF-8"?>
<!-- Generated by org.testng.reporters.JUnitReportReporter -->
<testsuite hostname="DESKTOP-9H86UB9" failures="0" tests="4" name="Insurance.HomeInsuranceTest" time="0.015" errors="0" timestamp="2023-02-06T09:51:29 GST" skipped="1">
  <testcase classname="Insurance.HomeInsuranceTest" name="mobileInsuranceWebLogout" time="0.002"/>
  <system-out/>
  <testcase classname="Insurance.HomeInsuranceTest" name="homeInsuranceWebLogout" time="0.013"/>
  <system-out/>
  <testcase classname="Insurance.HomeInsuranceTest" name="mobileInsuranceWebLogin" time="0.000"/>
  <system-out/>
  <testcase classname="Insurance.HomeInsuranceTest" name="homeInsuranceWebLogin">
    <skipped/>
  </testcase> <!-- homeInsuranceWebLogin -->
  <system-out/>
</testsuite> <!-- Insurance.HomeInsuranceTest -->
