<?xml version="1.0" encoding="UTF-8"?>
<!-- Generated by org.testng.reporters.JUnitReportReporter -->
<testsuite hostname="DESKTOP-9H86UB9" failures="0" tests="3" name="Insurance.TestAnnotations" time="0.007" errors="0" timestamp="2023-03-09T18:15:24 GST" skipped="0">
  <testcase classname="Insurance.TestAnnotations" name="TestA" time="0.005"/>
  <system-out/>
  <testcase classname="Insurance.TestAnnotations" name="TestC" time="0.001"/>
  <system-out/>
  <testcase classname="Insurance.TestAnnotations" name="TestB" time="0.001"/>
  <system-out/>
</testsuite> <!-- Insurance.TestAnnotations -->
