<?xml version="1.0" encoding="UTF-8"?>
<!-- Generated by org.testng.reporters.JUnitReportReporter -->
<testsuite hostname="DESKTOP-9H86UB9" failures="0" tests="1" name="com.obsqura.testprogram.FileUpoadSendKeys" time="4.382" errors="0" timestamp="2023-02-07T20:05:48 GST" skipped="0">
  <testcase classname="com.obsqura.testprogram.FileUpoadSendKeys" name="fileUpload" time="4.382"/>
  <system-out/>
</testsuite> <!-- com.obsqura.testprogram.FileUpoadSendKeys -->
