<?xml version="1.0" encoding="UTF-8"?>
<!-- Generated by org.testng.reporters.JUnitReportReporter -->
<testsuite hostname="DESKTOP-9H86UB9" failures="0" tests="3" name="Insurance.TestNGDataProvider" time="112.818" errors="0" timestamp="2023-02-18T12:49:10 GST" skipped="0">
  <testcase classname="Insurance.TestNGDataProvider" name="swaglabs" time="31.640"/>
  <system-out/>
  <testcase classname="Insurance.TestNGDataProvider" name="swaglabs" time="13.107"/>
  <system-out/>
  <testcase classname="Insurance.TestNGDataProvider" name="swaglabs" time="68.071"/>
  <system-out/>
</testsuite> <!-- Insurance.TestNGDataProvider -->
