<?xml version="1.0" encoding="UTF-8"?>
<!-- Generated by org.testng.reporters.JUnitReportReporter -->
<testsuite hostname="DESKTOP-9H86UB9" failures="0" tests="2" name="Insurance.ScrollUsingSelenium" time="40.076" errors="0" timestamp="2023-02-18T12:52:27 GST" skipped="1">
  <testcase classname="Insurance.ScrollUsingSelenium" name="pageScrollJscriptExeutor" time="40.076"/>
  <system-out/>
  <testcase classname="Insurance.ScrollUsingSelenium" name="pageScrollActionClass">
    <skipped/>
  </testcase> <!-- pageScrollActionClass -->
  <system-out/>
</testsuite> <!-- Insurance.ScrollUsingSelenium -->
