<?xml version="1.0" encoding="UTF-8"?>
<!-- Generated by org.testng.reporters.JUnitReportReporter -->
<testsuite hostname="DESKTOP-9H86UB9" failures="0" tests="1" name="Insurance.RobotClassInSelenium" time="8.813" errors="0" timestamp="2023-02-18T12:44:49 GST" skipped="0">
  <testcase classname="Insurance.RobotClassInSelenium" name="fileDownload" time="8.813"/>
  <system-out/>
</testsuite> <!-- Insurance.RobotClassInSelenium -->
