<?xml version="1.0" encoding="UTF-8"?>
<!-- Generated by org.testng.reporters.JUnitReportReporter -->
<testsuite hostname="DESKTOP-9H86UB9" failures="0" tests="4" name="Insurance.DogInsuranceTest" time="0.003" errors="0" timestamp="2023-02-06T09:51:29 GST" skipped="0">
  <testcase classname="Insurance.DogInsuranceTest" name="mobileInsuranceWebLogout" time="0.001"/>
  <system-out/>
  <testcase classname="Insurance.DogInsuranceTest" name="dogInsuranceWebLogin" time="0.002"/>
  <system-out/>
  <testcase classname="Insurance.DogInsuranceTest" name="dogInsuranceWebLogout" time="0.000"/>
  <system-out/>
  <testcase classname="Insurance.DogInsuranceTest" name="mobileInsuranceWebLogin" time="0.000"/>
  <system-out/>
</testsuite> <!-- Insurance.DogInsuranceTest -->
