<?xml version="1.0" encoding="UTF-8"?>
<!-- Generated by org.testng.reporters.JUnitReportReporter -->
<testsuite hostname="DESKTOP-9H86UB9" failures="0" tests="2" name="com.obsqura.testprogram.InvocationCountInSel" time="123.991" errors="0" timestamp="2023-02-22T08:39:45 GST" skipped="0">
  <testcase classname="com.obsqura.testprogram.InvocationCountInSel" name="userDetails" time="52.096"/>
  <system-out/>
  <testcase classname="com.obsqura.testprogram.InvocationCountInSel" name="userDetails" time="71.895"/>
  <system-out/>
</testsuite> <!-- com.obsqura.testprogram.InvocationCountInSel -->
