<?xml version="1.0" encoding="UTF-8"?>
<!-- Generated by org.testng.reporters.JUnitReportReporter -->
<testsuite hostname="DESKTOP-9H86UB9" failures="0" tests="1" name="Insurance.JavascriptExecutorinSelenium" time="41.243" errors="0" timestamp="2023-02-16T07:22:52 GST" skipped="0">
  <testcase classname="Insurance.JavascriptExecutorinSelenium" name="jscriptExecuter" time="41.243"/>
  <system-out/>
</testsuite> <!-- Insurance.JavascriptExecutorinSelenium -->
