<?xml version="1.0" encoding="UTF-8"?>
<!-- Generated by org.testng.reporters.JUnitReportReporter -->
<testsuite hostname="DESKTOP-9H86UB9" failures="0" tests="3" name="Insurance.TestNGDataProvider" time="18.252" errors="0" timestamp="2023-02-07T17:49:51 GST" skipped="0">
  <testcase classname="Insurance.TestNGDataProvider" name="swaglabs" time="5.208"/>
  <system-out/>
  <testcase classname="Insurance.TestNGDataProvider" name="swaglabs" time="6.348"/>
  <system-out/>
  <testcase classname="Insurance.TestNGDataProvider" name="swaglabs" time="6.696"/>
  <system-out/>
</testsuite> <!-- Insurance.TestNGDataProvider -->
