<?xml version="1.0" encoding="UTF-8"?>
<!-- Generated by org.testng.reporters.JUnitReportReporter -->
<testsuite hostname="DESKTOP-9H86UB9" failures="0" tests="1" name="Insurance.AlertInSelenium" time="26.823" errors="0" timestamp="2023-02-18T11:17:34 GST" skipped="0">
  <testcase classname="Insurance.AlertInSelenium" name="handlingAlert" time="26.823"/>
  <system-out/>
</testsuite> <!-- Insurance.AlertInSelenium -->
